<?xml version="1.0" encoding="UTF-8"?>
<!-- Generated by org.testng.reporters.JUnitReportReporter -->
<testsuite hostname="ZaigoPC" failures="0" tests="2" name="org.Mainclass.Login" time="12.529" errors="0" timestamp="15 Feb 2024 12:20:17 GMT" skipped="0">
  <testcase classname="org.Mainclass.Login" name="Loginone" time="2.003"/>
  <testcase classname="org.Mainclass.Login" name="createbott" time="10.526"/>
</testsuite> <!-- org.Mainclass.Login -->
